./sdriver.pl -t trace01.txt -s ./tsh -a "-p"
#
# trace01.txt - Properly terminate on EOF.
#
./sdriver.pl -t trace02.txt -s ./tsh -a "-p"
#
# trace02.txt - Process builtin quit command.
#
./sdriver.pl -t trace03.txt -s ./tsh -a "-p"
#
# trace03.txt - Run a foreground job.
#
tsh> quit
./sdriver.pl -t trace04.txt -s ./tsh -a "-p"
#
# trace04.txt - Run a background job.
#
tsh> ./myspin 1 &
[1] (8283) ./myspin 1 &
./sdriver.pl -t trace05.txt -s ./tsh -a "-p"
#
# trace05.txt - Process jobs builtin command.
#
tsh> ./myspin 2 &
[1] (8300) ./myspin 2 &
tsh> ./myspin 3 &
[2] (8302) ./myspin 3 &
tsh> jobs
[1] (8300) Running ./myspin 2 &
[2] (8302) Running ./myspin 3 &
./sdriver.pl -t trace06.txt -s ./tsh -a "-p"
#
# trace06.txt - Forward SIGINT to foreground job.
#
tsh> ./myspin 4
Job [1] (8340) terminated by signal 2
./sdriver.pl -t trace07.txt -s ./tsh -a "-p"
#
# trace07.txt - Forward SIGINT only to foreground job.
#
tsh> ./myspin 4 &
[1] (8345) ./myspin 4 &
tsh> ./myspin 5
Job [2] (8347) terminated by signal 2
tsh> jobs
[1] (8345) Running ./myspin 4 &
./sdriver.pl -t trace08.txt -s ./tsh -a "-p"
#
# trace08.txt - Forward SIGTSTP only to foreground job.
#
tsh> ./myspin 4 &
[1] (8383) ./myspin 4 &
tsh> ./myspin 5
Job [2] (8385) stopped by signal 20
tsh> jobs
[1] (8383) Running ./myspin 4 &
[2] (8385) Stopped ./myspin 5 
./sdriver.pl -t trace09.txt -s ./tsh -a "-p"
#
# trace09.txt - Process bg builtin command
#
tsh> ./myspin 4 &
[1] (8416) ./myspin 4 &
tsh> ./myspin 5
Job [2] (8418) stopped by signal 20
tsh> jobs
[1] (8416) Running ./myspin 4 &
[2] (8418) Stopped ./myspin 5 
tsh> bg %2
[2] (8418) ./myspin 5 
tsh> jobs
[1] (8416) Running ./myspin 4 &
[2] (8418) Running ./myspin 5 
./sdriver.pl -t trace10.txt -s ./tsh -a "-p"
#
# trace10.txt - Process fg builtin command. 
#
tsh> ./myspin 4 &
[1] (8451) ./myspin 4 &
tsh> fg %1
Job [1] (8451) stopped by signal 20
tsh> jobs
[1] (8451) Stopped ./myspin 4 &
tsh> fg %1
tsh> jobs
./sdriver.pl -t trace11.txt -s ./tsh -a "-p"
#
# trace11.txt - Forward SIGINT to every process in foreground process group
#
tsh> ./mysplit 4
Job [1] (8481) terminated by signal 2
tsh> /bin/ps a
    PID TTY      STAT   TIME COMMAND
   1145 tty1     Ssl+   0:00 /usr/libexec/gdm-wayland-session dbus-run-session -- gnome-session --autostart /usr/share/gdm/greeter/autostart
   1173 tty1     S+     0:00 dbus-run-session -- gnome-session --autostart /usr/share/gdm/greeter/autostart
   1175 tty1     S+     0:00 dbus-daemon --nofork --print-address 4 --session
   1177 tty1     Sl+    0:00 /usr/libexec/gnome-session-binary --autostart /usr/share/gdm/greeter/autostart
   1218 tty1     Sl+    0:11 /usr/bin/gnome-shell
   1274 tty1     Sl+    0:00 /usr/libexec/at-spi-bus-launcher
   1280 tty1     S+     0:00 /usr/bin/dbus-daemon --config-file=/usr/share/defaults/at-spi2/accessibility.conf --nofork --print-address 11 --address=unix:path=/run/user/120/at-spi/bus
   1282 tty1     S+     0:00 /usr/bin/Xwayland :1024 -rootless -noreset -accessx -core -auth /run/user/120/.mutter-Xwaylandauth.D4SK62 -listenfd 4 -listenfd 5 -displayfd 6 -initfd 7 -byteswappedclients
   1294 tty1     Sl+    0:00 /usr/libexec/at-spi2-registryd --use-gnome-session
   1322 tty1     Sl+    0:00 /usr/libexec/xdg-permission-store
   1333 tty1     Sl+    0:00 /usr/bin/gjs -m /usr/share/gnome-shell/org.gnome.Shell.Notifications
   1334 tty1     Sl+    0:00 /usr/libexec/gsd-sharing
   1338 tty1     Sl+    0:00 /usr/libexec/gsd-wacom
   1351 tty1     Sl+    0:00 /usr/libexec/gsd-color
   1357 tty1     Sl+    0:00 /usr/libexec/gsd-keyboard
   1360 tty1     Sl+    0:00 /usr/libexec/gsd-print-notifications
   1363 tty1     Sl+    0:00 /usr/libexec/gsd-rfkill
   1367 tty1     Sl+    0:00 /usr/libexec/gsd-smartcard
   1370 tty1     Sl+    0:00 /usr/libexec/gsd-datetime
   1378 tty1     Sl+    0:00 /usr/libexec/gsd-media-keys
   1393 tty1     Sl+    0:00 /usr/libexec/gsd-screensaver-proxy
   1398 tty1     Sl+    0:00 /usr/libexec/gsd-sound
   1405 tty1     Sl+    0:00 /usr/libexec/gsd-a11y-settings
   1415 tty1     Sl+    0:00 /usr/libexec/gsd-housekeeping
   1435 tty1     Sl+    0:00 /usr/libexec/gsd-power
   1528 tty1     Sl+    0:00 /usr/libexec/gsd-printer
   1592 tty1     Sl+    0:00 /usr/libexec/mutter-x11-frames
   1593 tty1     Sl     0:00 ibus-daemon --panel disable -r --xim
   1603 tty1     Sl+    0:00 /usr/bin/gjs -m /usr/share/gnome-shell/org.gnome.ScreenSaver
   1605 tty1     Sl     0:00 /usr/libexec/ibus-dconf
   1607 tty1     Sl     0:00 /usr/libexec/ibus-x11 --kill-daemon
   1609 tty1     Sl+    0:00 /usr/libexec/ibus-portal
   1628 tty1     Sl     0:00 /usr/libexec/ibus-engine-simple
   2022 pts/0    Ss     0:00 /bin/bash --init-file /home/cs/.vscode-server/cli/servers/Stable-fabdb6a30b49f79a7aba0f2ad9df9b399473380f/server/out/vs/workbench/contrib/terminal/common/scripts/shellIntegration-bash.sh
   8268 pts/0    S+     0:00 /bin/bash ./tsh_output.sh
   8478 pts/0    S+     0:00 /usr/bin/perl ./sdriver.pl -t trace11.txt -s ./tsh -a -p
   8479 pts/0    S+     0:00 ./tsh -p
   8488 pts/0    R      0:00 /bin/ps a
./sdriver.pl -t trace12.txt -s ./tsh -a "-p"
#
# trace12.txt - Forward SIGTSTP to every process in foreground process group
#
tsh> ./mysplit 4
Job [1] (8493) stopped by signal 20
tsh> jobs
[1] (8493) Stopped ./mysplit 4 
tsh> /bin/ps a
    PID TTY      STAT   TIME COMMAND
   1145 tty1     Ssl+   0:00 /usr/libexec/gdm-wayland-session dbus-run-session -- gnome-session --autostart /usr/share/gdm/greeter/autostart
   1173 tty1     S+     0:00 dbus-run-session -- gnome-session --autostart /usr/share/gdm/greeter/autostart
   1175 tty1     S+     0:00 dbus-daemon --nofork --print-address 4 --session
   1177 tty1     Sl+    0:00 /usr/libexec/gnome-session-binary --autostart /usr/share/gdm/greeter/autostart
   1218 tty1     Sl+    0:11 /usr/bin/gnome-shell
   1274 tty1     Sl+    0:00 /usr/libexec/at-spi-bus-launcher
   1280 tty1     S+     0:00 /usr/bin/dbus-daemon --config-file=/usr/share/defaults/at-spi2/accessibility.conf --nofork --print-address 11 --address=unix:path=/run/user/120/at-spi/bus
   1282 tty1     S+     0:00 /usr/bin/Xwayland :1024 -rootless -noreset -accessx -core -auth /run/user/120/.mutter-Xwaylandauth.D4SK62 -listenfd 4 -listenfd 5 -displayfd 6 -initfd 7 -byteswappedclients
   1294 tty1     Sl+    0:00 /usr/libexec/at-spi2-registryd --use-gnome-session
   1322 tty1     Sl+    0:00 /usr/libexec/xdg-permission-store
   1333 tty1     Sl+    0:00 /usr/bin/gjs -m /usr/share/gnome-shell/org.gnome.Shell.Notifications
   1334 tty1     Sl+    0:00 /usr/libexec/gsd-sharing
   1338 tty1     Sl+    0:00 /usr/libexec/gsd-wacom
   1351 tty1     Sl+    0:00 /usr/libexec/gsd-color
   1357 tty1     Sl+    0:00 /usr/libexec/gsd-keyboard
   1360 tty1     Sl+    0:00 /usr/libexec/gsd-print-notifications
   1363 tty1     Sl+    0:00 /usr/libexec/gsd-rfkill
   1367 tty1     Sl+    0:00 /usr/libexec/gsd-smartcard
   1370 tty1     Sl+    0:00 /usr/libexec/gsd-datetime
   1378 tty1     Sl+    0:00 /usr/libexec/gsd-media-keys
   1393 tty1     Sl+    0:00 /usr/libexec/gsd-screensaver-proxy
   1398 tty1     Sl+    0:00 /usr/libexec/gsd-sound
   1405 tty1     Sl+    0:00 /usr/libexec/gsd-a11y-settings
   1415 tty1     Sl+    0:00 /usr/libexec/gsd-housekeeping
   1435 tty1     Sl+    0:00 /usr/libexec/gsd-power
   1528 tty1     Sl+    0:00 /usr/libexec/gsd-printer
   1592 tty1     Sl+    0:00 /usr/libexec/mutter-x11-frames
   1593 tty1     Sl     0:00 ibus-daemon --panel disable -r --xim
   1603 tty1     Sl+    0:00 /usr/bin/gjs -m /usr/share/gnome-shell/org.gnome.ScreenSaver
   1605 tty1     Sl     0:00 /usr/libexec/ibus-dconf
   1607 tty1     Sl     0:00 /usr/libexec/ibus-x11 --kill-daemon
   1609 tty1     Sl+    0:00 /usr/libexec/ibus-portal
   1628 tty1     Sl     0:00 /usr/libexec/ibus-engine-simple
   2022 pts/0    Ss     0:00 /bin/bash --init-file /home/cs/.vscode-server/cli/servers/Stable-fabdb6a30b49f79a7aba0f2ad9df9b399473380f/server/out/vs/workbench/contrib/terminal/common/scripts/shellIntegration-bash.sh
   8268 pts/0    S+     0:00 /bin/bash ./tsh_output.sh
   8490 pts/0    S+     0:00 /usr/bin/perl ./sdriver.pl -t trace12.txt -s ./tsh -a -p
   8491 pts/0    S+     0:00 ./tsh -p
   8493 pts/0    T      0:00 ./mysplit 4
   8494 pts/0    T      0:00 ./mysplit 4
   8511 pts/0    R      0:00 /bin/ps a
./sdriver.pl -t trace13.txt -s ./tsh -a "-p"
#
# trace13.txt - Restart every stopped process in process group
#
tsh> ./mysplit 4
Job [1] (8516) stopped by signal 20
tsh> jobs
[1] (8516) Stopped ./mysplit 4 
tsh> /bin/ps a
    PID TTY      STAT   TIME COMMAND
   1145 tty1     Ssl+   0:00 /usr/libexec/gdm-wayland-session dbus-run-session -- gnome-session --autostart /usr/share/gdm/greeter/autostart
   1173 tty1     S+     0:00 dbus-run-session -- gnome-session --autostart /usr/share/gdm/greeter/autostart
   1175 tty1     S+     0:00 dbus-daemon --nofork --print-address 4 --session
   1177 tty1     Sl+    0:00 /usr/libexec/gnome-session-binary --autostart /usr/share/gdm/greeter/autostart
   1218 tty1     Sl+    0:11 /usr/bin/gnome-shell
   1274 tty1     Sl+    0:00 /usr/libexec/at-spi-bus-launcher
   1280 tty1     S+     0:00 /usr/bin/dbus-daemon --config-file=/usr/share/defaults/at-spi2/accessibility.conf --nofork --print-address 11 --address=unix:path=/run/user/120/at-spi/bus
   1282 tty1     S+     0:00 /usr/bin/Xwayland :1024 -rootless -noreset -accessx -core -auth /run/user/120/.mutter-Xwaylandauth.D4SK62 -listenfd 4 -listenfd 5 -displayfd 6 -initfd 7 -byteswappedclients
   1294 tty1     Sl+    0:00 /usr/libexec/at-spi2-registryd --use-gnome-session
   1322 tty1     Sl+    0:00 /usr/libexec/xdg-permission-store
   1333 tty1     Sl+    0:00 /usr/bin/gjs -m /usr/share/gnome-shell/org.gnome.Shell.Notifications
   1334 tty1     Sl+    0:00 /usr/libexec/gsd-sharing
   1338 tty1     Sl+    0:00 /usr/libexec/gsd-wacom
   1351 tty1     Sl+    0:00 /usr/libexec/gsd-color
   1357 tty1     Sl+    0:00 /usr/libexec/gsd-keyboard
   1360 tty1     Sl+    0:00 /usr/libexec/gsd-print-notifications
   1363 tty1     Sl+    0:00 /usr/libexec/gsd-rfkill
   1367 tty1     Sl+    0:00 /usr/libexec/gsd-smartcard
   1370 tty1     Sl+    0:00 /usr/libexec/gsd-datetime
   1378 tty1     Sl+    0:00 /usr/libexec/gsd-media-keys
   1393 tty1     Sl+    0:00 /usr/libexec/gsd-screensaver-proxy
   1398 tty1     Sl+    0:00 /usr/libexec/gsd-sound
   1405 tty1     Sl+    0:00 /usr/libexec/gsd-a11y-settings
   1415 tty1     Sl+    0:00 /usr/libexec/gsd-housekeeping
   1435 tty1     Sl+    0:00 /usr/libexec/gsd-power
   1528 tty1     Sl+    0:00 /usr/libexec/gsd-printer
   1592 tty1     Sl+    0:00 /usr/libexec/mutter-x11-frames
   1593 tty1     Sl     0:00 ibus-daemon --panel disable -r --xim
   1603 tty1     Sl+    0:00 /usr/bin/gjs -m /usr/share/gnome-shell/org.gnome.ScreenSaver
   1605 tty1     Sl     0:00 /usr/libexec/ibus-dconf
   1607 tty1     Sl     0:00 /usr/libexec/ibus-x11 --kill-daemon
   1609 tty1     Sl+    0:00 /usr/libexec/ibus-portal
   1628 tty1     Sl     0:00 /usr/libexec/ibus-engine-simple
   2022 pts/0    Ss     0:00 /bin/bash --init-file /home/cs/.vscode-server/cli/servers/Stable-fabdb6a30b49f79a7aba0f2ad9df9b399473380f/server/out/vs/workbench/contrib/terminal/common/scripts/shellIntegration-bash.sh
   8268 pts/0    S+     0:00 /bin/bash ./tsh_output.sh
   8513 pts/0    S+     0:00 /usr/bin/perl ./sdriver.pl -t trace13.txt -s ./tsh -a -p
   8514 pts/0    S+     0:00 ./tsh -p
   8516 pts/0    T      0:00 ./mysplit 4
   8517 pts/0    T      0:00 ./mysplit 4
   8529 pts/0    R      0:00 /bin/ps a
tsh> fg %1
tsh> /bin/ps a
    PID TTY      STAT   TIME COMMAND
   1145 tty1     Ssl+   0:00 /usr/libexec/gdm-wayland-session dbus-run-session -- gnome-session --autostart /usr/share/gdm/greeter/autostart
   1173 tty1     S+     0:00 dbus-run-session -- gnome-session --autostart /usr/share/gdm/greeter/autostart
   1175 tty1     S+     0:00 dbus-daemon --nofork --print-address 4 --session
   1177 tty1     Sl+    0:00 /usr/libexec/gnome-session-binary --autostart /usr/share/gdm/greeter/autostart
   1218 tty1     Sl+    0:11 /usr/bin/gnome-shell
   1274 tty1     Sl+    0:00 /usr/libexec/at-spi-bus-launcher
   1280 tty1     S+     0:00 /usr/bin/dbus-daemon --config-file=/usr/share/defaults/at-spi2/accessibility.conf --nofork --print-address 11 --address=unix:path=/run/user/120/at-spi/bus
   1282 tty1     S+     0:00 /usr/bin/Xwayland :1024 -rootless -noreset -accessx -core -auth /run/user/120/.mutter-Xwaylandauth.D4SK62 -listenfd 4 -listenfd 5 -displayfd 6 -initfd 7 -byteswappedclients
   1294 tty1     Sl+    0:00 /usr/libexec/at-spi2-registryd --use-gnome-session
   1322 tty1     Sl+    0:00 /usr/libexec/xdg-permission-store
   1333 tty1     Sl+    0:00 /usr/bin/gjs -m /usr/share/gnome-shell/org.gnome.Shell.Notifications
   1334 tty1     Sl+    0:00 /usr/libexec/gsd-sharing
   1338 tty1     Sl+    0:00 /usr/libexec/gsd-wacom
   1351 tty1     Sl+    0:00 /usr/libexec/gsd-color
   1357 tty1     Sl+    0:00 /usr/libexec/gsd-keyboard
   1360 tty1     Sl+    0:00 /usr/libexec/gsd-print-notifications
   1363 tty1     Sl+    0:00 /usr/libexec/gsd-rfkill
   1367 tty1     Sl+    0:00 /usr/libexec/gsd-smartcard
   1370 tty1     Sl+    0:00 /usr/libexec/gsd-datetime
   1378 tty1     Sl+    0:00 /usr/libexec/gsd-media-keys
   1393 tty1     Sl+    0:00 /usr/libexec/gsd-screensaver-proxy
   1398 tty1     Sl+    0:00 /usr/libexec/gsd-sound
   1405 tty1     Sl+    0:00 /usr/libexec/gsd-a11y-settings
   1415 tty1     Sl+    0:00 /usr/libexec/gsd-housekeeping
   1435 tty1     Sl+    0:00 /usr/libexec/gsd-power
   1528 tty1     Sl+    0:00 /usr/libexec/gsd-printer
   1592 tty1     Sl+    0:00 /usr/libexec/mutter-x11-frames
   1593 tty1     Sl     0:00 ibus-daemon --panel disable -r --xim
   1603 tty1     Sl+    0:00 /usr/bin/gjs -m /usr/share/gnome-shell/org.gnome.ScreenSaver
   1605 tty1     Sl     0:00 /usr/libexec/ibus-dconf
   1607 tty1     Sl     0:00 /usr/libexec/ibus-x11 --kill-daemon
   1609 tty1     Sl+    0:00 /usr/libexec/ibus-portal
   1628 tty1     Sl     0:00 /usr/libexec/ibus-engine-simple
   2022 pts/0    Ss     0:00 /bin/bash --init-file /home/cs/.vscode-server/cli/servers/Stable-fabdb6a30b49f79a7aba0f2ad9df9b399473380f/server/out/vs/workbench/contrib/terminal/common/scripts/shellIntegration-bash.sh
   8268 pts/0    S+     0:00 /bin/bash ./tsh_output.sh
   8513 pts/0    S+     0:00 /usr/bin/perl ./sdriver.pl -t trace13.txt -s ./tsh -a -p
   8514 pts/0    S+     0:00 ./tsh -p
   8532 pts/0    R      0:00 /bin/ps a
./sdriver.pl -t trace14.txt -s ./tsh -a "-p"
#
# trace14.txt - Simple error handling
#
tsh> ./bogus
./bogus: Command not found
tsh> ./myspin 4 &
[1] (8539) ./myspin 4 &
tsh> fg
fg command requires PID or %jobid argument
tsh> bg
bg command requires PID or %jobid argument
tsh> fg a
fg: argument must be a PID or %jobid
tsh> bg a
bg: argument must be a PID or %jobid
tsh> fg 9999999
(9999999): No such job
tsh> bg 9999999
(9999999): No such job
tsh> fg %2
(2): No such job
tsh> fg %1
Job [1] (8539) stopped by signal 20
tsh> bg %2
(2): No such job
tsh> bg %1
[1] (8539) ./myspin 4 &
tsh> jobs
[1] (8539) Running ./myspin 4 &
./sdriver.pl -t trace15.txt -s ./tsh -a "-p"
#
# trace15.txt - Putting it all together
#
tsh> ./bogus
./bogus: Command not found
tsh> ./myspin 10
Job [1] (8584) terminated by signal 2
tsh> ./myspin 3 &
[1] (8599) ./myspin 3 &
tsh> ./myspin 4 &
[2] (8601) ./myspin 4 &
tsh> jobs
[1] (8599) Running ./myspin 3 &
[2] (8601) Running ./myspin 4 &
tsh> fg %1
Job [1] (8599) stopped by signal 20
tsh> jobs
[1] (8599) Stopped ./myspin 3 &
[2] (8601) Running ./myspin 4 &
tsh> bg %3
(3): No such job
tsh> bg %1
[1] (8599) ./myspin 3 &
tsh> jobs
[1] (8599) Running ./myspin 3 &
[2] (8601) Running ./myspin 4 &
tsh> fg %1
tsh> quit
./sdriver.pl -t trace16.txt -s ./tsh -a "-p"
#
# trace16.txt - Tests whether the shell can handle SIGTSTP and SIGINT
#     signals that come from other processes instead of the terminal.
#
tsh> ./mystop 2
Job [1] (8624) stopped by signal 20
tsh> jobs
[1] (8624) Stopped ./mystop 2
tsh> ./myint 2
Job [2] (8651) terminated by signal 2
